<?xml version="1.0" encoding="UTF-8"?>
<testsuite xmlns:xsi="http://www.w3.org/2001/XMLSchema-instance" xsi:noNamespaceSchemaLocation="https://maven.apache.org/surefire/maven-surefire-plugin/xsd/surefire-test-report.xsd" name="com.pluralsight.bookstore.repository.BookRepositoryTest" time="13.228" tests="3" errors="0" skipped="0" failures="0">
  <properties>
    <property name="sun.desktop" value="windows"/>
    <property name="awt.toolkit" value="sun.awt.windows.WToolkit"/>
    <property name="file.encoding.pkg" value="sun.io"/>
    <property name="java.specification.version" value="1.8"/>
    <property name="arquillian.launch" value="arquillian-wildfly-remote"/>
    <property name="sun.cpu.isalist" value="amd64"/>
    <property name="sun.jnu.encoding" value="Cp1252"/>
    <property name="java.class.path" value="C:\Users\No\Desktop\Legion\Javastore\New folder\bookstore-back\target\test-classes;C:\Users\No\Desktop\Legion\Javastore\New folder\bookstore-back\target\classes;C:\Users\No\.m2\repository\javax\javaee-web-api\7.0\javaee-web-api-7.0.jar;C:\Users\No\.m2\repository\junit\junit\4.12\junit-4.12.jar;C:\Users\No\.m2\repository\org\hamcrest\hamcrest-core\1.3\hamcrest-core-1.3.jar;C:\Users\No\.m2\repository\org\jboss\shrinkwrap\shrinkwrap-spi\1.2.6\shrinkwrap-spi-1.2.6.jar;C:\Users\No\.m2\repository\org\jboss\shrinkwrap\resolver\shrinkwrap-resolver-api\3.0.0-alpha-4\shrinkwrap-resolver-api-3.0.0-alpha-4.jar;C:\Users\No\.m2\repository\org\jboss\shrinkwrap\resolver\shrinkwrap-resolver-spi\3.0.0-alpha-4\shrinkwrap-resolver-spi-3.0.0-alpha-4.jar;C:\Users\No\.m2\repository\org\jboss\shrinkwrap\resolver\shrinkwrap-resolver-api-maven\3.0.0-alpha-4\shrinkwrap-resolver-api-maven-3.0.0-alpha-4.jar;C:\Users\No\.m2\repository\org\apache\maven\maven-model\3.3.9\maven-model-3.3.9.jar;C:\Users\No\.m2\repository\org\apache\commons\commons-lang3\3.4\commons-lang3-3.4.jar;C:\Users\No\.m2\repository\org\jboss\shrinkwrap\resolver\shrinkwrap-resolver-spi-maven\3.0.0-alpha-4\shrinkwrap-resolver-spi-maven-3.0.0-alpha-4.jar;C:\Users\No\.m2\repository\org\jboss\shrinkwrap\resolver\shrinkwrap-resolver-api-maven-archive\3.0.0-alpha-4\shrinkwrap-resolver-api-maven-archive-3.0.0-alpha-4.jar;C:\Users\No\.m2\repository\org\jboss\shrinkwrap\resolver\shrinkwrap-resolver-impl-maven\3.0.0-alpha-4\shrinkwrap-resolver-impl-maven-3.0.0-alpha-4.jar;C:\Users\No\.m2\repository\org\eclipse\aether\aether-api\1.0.2.v20150114\aether-api-1.0.2.v20150114.jar;C:\Users\No\.m2\repository\org\eclipse\aether\aether-impl\1.0.2.v20150114\aether-impl-1.0.2.v20150114.jar;C:\Users\No\.m2\repository\org\eclipse\aether\aether-spi\1.0.2.v20150114\aether-spi-1.0.2.v20150114.jar;C:\Users\No\.m2\repository\org\eclipse\aether\aether-util\1.0.2.v20150114\aether-util-1.0.2.v20150114.jar;C:\Users\No\.m2\repository\org\eclipse\aether\aether-connector-basic\1.0.2.v20150114\aether-connector-basic-1.0.2.v20150114.jar;C:\Users\No\.m2\repository\org\eclipse\aether\aether-transport-wagon\1.0.2.v20150114\aether-transport-wagon-1.0.2.v20150114.jar;C:\Users\No\.m2\repository\org\apache\maven\maven-aether-provider\3.3.9\maven-aether-provider-3.3.9.jar;C:\Users\No\.m2\repository\org\codehaus\plexus\plexus-component-annotations\1.6\plexus-component-annotations-1.6.jar;C:\Users\No\.m2\repository\org\apache\maven\maven-model-builder\3.3.9\maven-model-builder-3.3.9.jar;C:\Users\No\.m2\repository\org\apache\maven\maven-artifact\3.3.9\maven-artifact-3.3.9.jar;C:\Users\No\.m2\repository\org\apache\maven\maven-builder-support\3.3.9\maven-builder-support-3.3.9.jar;C:\Users\No\.m2\repository\org\apache\maven\maven-repository-metadata\3.3.9\maven-repository-metadata-3.3.9.jar;C:\Users\No\.m2\repository\org\apache\maven\maven-settings\3.3.9\maven-settings-3.3.9.jar;C:\Users\No\.m2\repository\org\apache\maven\maven-settings-builder\3.3.9\maven-settings-builder-3.3.9.jar;C:\Users\No\.m2\repository\com\google\guava\guava\18.0\guava-18.0.jar;C:\Users\No\.m2\repository\org\codehaus\plexus\plexus-interpolation\1.21\plexus-interpolation-1.21.jar;C:\Users\No\.m2\repository\org\codehaus\plexus\plexus-utils\3.0.22\plexus-utils-3.0.22.jar;C:\Users\No\.m2\repository\org\sonatype\plexus\plexus-sec-dispatcher\1.3\plexus-sec-dispatcher-1.3.jar;C:\Users\No\.m2\repository\org\sonatype\plexus\plexus-cipher\1.7\plexus-cipher-1.7.jar;C:\Users\No\.m2\repository\org\apache\maven\wagon\wagon-provider-api\2.10\wagon-provider-api-2.10.jar;C:\Users\No\.m2\repository\org\apache\maven\wagon\wagon-file\2.10\wagon-file-2.10.jar;C:\Users\No\.m2\repository\commons-lang\commons-lang\2.6\commons-lang-2.6.jar;C:\Users\No\.m2\repository\org\apache\maven\wagon\wagon-http-lightweight\2.10\wagon-http-lightweight-2.10.jar;C:\Users\No\.m2\repository\org\apache\maven\wagon\wagon-http-shared\2.10\wagon-http-shared-2.10.jar;C:\Users\No\.m2\repository\org\jsoup\jsoup\1.7.2\jsoup-1.7.2.jar;C:\Users\No\.m2\repository\commons-io\commons-io\2.2\commons-io-2.2.jar;C:\Users\No\.m2\repository\org\jboss\shrinkwrap\resolver\shrinkwrap-resolver-impl-maven-archive\3.0.0-alpha-4\shrinkwrap-resolver-impl-maven-archive-3.0.0-alpha-4.jar;C:\Users\No\.m2\repository\org\jboss\shrinkwrap\resolver\shrinkwrap-resolver-spi-maven-archive\3.0.0-alpha-4\shrinkwrap-resolver-spi-maven-archive-3.0.0-alpha-4.jar;C:\Users\No\.m2\repository\org\eclipse\sisu\org.eclipse.sisu.plexus\0.3.2\org.eclipse.sisu.plexus-0.3.2.jar;C:\Users\No\.m2\repository\javax\enterprise\cdi-api\1.0\cdi-api-1.0.jar;C:\Users\No\.m2\repository\javax\annotation\jsr250-api\1.0\jsr250-api-1.0.jar;C:\Users\No\.m2\repository\javax\inject\javax.inject\1\javax.inject-1.jar;C:\Users\No\.m2\repository\org\eclipse\sisu\org.eclipse.sisu.inject\0.3.2\org.eclipse.sisu.inject-0.3.2.jar;C:\Users\No\.m2\repository\org\codehaus\plexus\plexus-compiler-javac\2.7\plexus-compiler-javac-2.7.jar;C:\Users\No\.m2\repository\org\codehaus\plexus\plexus-compiler-api\2.7\plexus-compiler-api-2.7.jar;C:\Users\No\.m2\repository\org\jboss\shrinkwrap\resolver\shrinkwrap-resolver-api-maven-embedded\3.0.0-alpha-4\shrinkwrap-resolver-api-maven-embedded-3.0.0-alpha-4.jar;C:\Users\No\.m2\repository\org\apache\maven\shared\maven-invoker\2.2\maven-invoker-2.2.jar;C:\Users\No\.m2\repository\org\jboss\shrinkwrap\resolver\shrinkwrap-resolver-impl-maven-embedded\3.0.0-alpha-4\shrinkwrap-resolver-impl-maven-embedded-3.0.0-alpha-4.jar;C:\Users\No\.m2\repository\org\arquillian\spacelift\arquillian-spacelift\1.0.0.Alpha8\arquillian-spacelift-1.0.0.Alpha8.jar;C:\Users\No\.m2\repository\org\arquillian\spacelift\arquillian-spacelift-api\1.0.0.Alpha8\arquillian-spacelift-api-1.0.0.Alpha8.jar;C:\Users\No\.m2\repository\org\apache\commons\commons-compress\1.8.1\commons-compress-1.8.1.jar;C:\Users\No\.m2\repository\commons-codec\commons-codec\1.10\commons-codec-1.10.jar;C:\Users\No\.m2\repository\org\jboss\arquillian\junit\arquillian-junit-container\1.1.13.Final\arquillian-junit-container-1.1.13.Final.jar;C:\Users\No\.m2\repository\org\jboss\arquillian\junit\arquillian-junit-core\1.1.13.Final\arquillian-junit-core-1.1.13.Final.jar;C:\Users\No\.m2\repository\org\jboss\arquillian\test\arquillian-test-api\1.1.13.Final\arquillian-test-api-1.1.13.Final.jar;C:\Users\No\.m2\repository\org\jboss\arquillian\test\arquillian-test-spi\1.1.13.Final\arquillian-test-spi-1.1.13.Final.jar;C:\Users\No\.m2\repository\org\jboss\arquillian\container\arquillian-container-test-api\1.1.13.Final\arquillian-container-test-api-1.1.13.Final.jar;C:\Users\No\.m2\repository\org\jboss\arquillian\container\arquillian-container-test-spi\1.1.13.Final\arquillian-container-test-spi-1.1.13.Final.jar;C:\Users\No\.m2\repository\org\jboss\arquillian\container\arquillian-container-spi\1.1.13.Final\arquillian-container-spi-1.1.13.Final.jar;C:\Users\No\.m2\repository\org\jboss\shrinkwrap\descriptors\shrinkwrap-descriptors-api-base\2.0.0\shrinkwrap-descriptors-api-base-2.0.0.jar;C:\Users\No\.m2\repository\org\jboss\arquillian\core\arquillian-core-impl-base\1.1.13.Final\arquillian-core-impl-base-1.1.13.Final.jar;C:\Users\No\.m2\repository\org\jboss\arquillian\test\arquillian-test-impl-base\1.1.13.Final\arquillian-test-impl-base-1.1.13.Final.jar;C:\Users\No\.m2\repository\org\jboss\arquillian\container\arquillian-container-impl-base\1.1.13.Final\arquillian-container-impl-base-1.1.13.Final.jar;C:\Users\No\.m2\repository\org\jboss\arquillian\config\arquillian-config-api\1.1.13.Final\arquillian-config-api-1.1.13.Final.jar;C:\Users\No\.m2\repository\org\jboss\arquillian\config\arquillian-config-impl-base\1.1.13.Final\arquillian-config-impl-base-1.1.13.Final.jar;C:\Users\No\.m2\repository\org\jboss\shrinkwrap\descriptors\shrinkwrap-descriptors-spi\2.0.0\shrinkwrap-descriptors-spi-2.0.0.jar;C:\Users\No\.m2\repository\org\jboss\arquillian\container\arquillian-container-test-impl-base\1.1.13.Final\arquillian-container-test-impl-base-1.1.13.Final.jar;C:\Users\No\.m2\repository\org\jboss\shrinkwrap\shrinkwrap-impl-base\1.2.6\shrinkwrap-impl-base-1.2.6.jar;C:\Users\No\.m2\repository\org\jboss\shrinkwrap\shrinkwrap-api\1.2.6\shrinkwrap-api-1.2.6.jar;C:\Users\No\.m2\repository\org\wildfly\arquillian\wildfly-arquillian-container-remote\2.0.2.Final\wildfly-arquillian-container-remote-2.0.2.Final.jar;C:\Users\No\.m2\repository\org\wildfly\arquillian\wildfly-arquillian-common\2.0.2.Final\wildfly-arquillian-common-2.0.2.Final.jar;C:\Users\No\.m2\repository\org\jboss\arquillian\testenricher\arquillian-testenricher-cdi\1.1.13.Final\arquillian-testenricher-cdi-1.1.13.Final.jar;C:\Users\No\.m2\repository\org\jboss\arquillian\testenricher\arquillian-testenricher-ejb\1.1.13.Final\arquillian-testenricher-ejb-1.1.13.Final.jar;C:\Users\No\.m2\repository\org\jboss\arquillian\testenricher\arquillian-testenricher-initialcontext\1.1.13.Final\arquillian-testenricher-initialcontext-1.1.13.Final.jar;C:\Users\No\.m2\repository\org\jboss\arquillian\testenricher\arquillian-testenricher-resource\1.1.13.Final\arquillian-testenricher-resource-1.1.13.Final.jar;C:\Users\No\.m2\repository\org\jboss\arquillian\protocol\arquillian-protocol-servlet\1.1.13.Final\arquillian-protocol-servlet-1.1.13.Final.jar;C:\Users\No\.m2\repository\org\wildfly\arquillian\wildfly-arquillian-testenricher-msc\2.0.2.Final\wildfly-arquillian-testenricher-msc-2.0.2.Final.jar;C:\Users\No\.m2\repository\org\wildfly\core\wildfly-server\2.0.10.Final\wildfly-server-2.0.10.Final.jar;C:\Users\No\.m2\repository\org\wildfly\core\wildfly-controller\2.0.10.Final\wildfly-controller-2.0.10.Final.jar;C:\Users\No\.m2\repository\org\jboss\staxmapper\1.2.0.Final\staxmapper-1.2.0.Final.jar;C:\Users\No\.m2\repository\org\wildfly\core\wildfly-domain-http-interface\2.0.10.Final\wildfly-domain-http-interface-2.0.10.Final.jar;C:\Users\No\.m2\repository\org\wildfly\core\wildfly-deployment-repository\2.0.10.Final\wildfly-deployment-repository-2.0.10.Final.jar;C:\Users\No\.m2\repository\org\wildfly\core\wildfly-platform-mbean\2.0.10.Final\wildfly-platform-mbean-2.0.10.Final.jar;C:\Users\No\.m2\repository\org\wildfly\core\wildfly-process-controller\2.0.10.Final\wildfly-process-controller-2.0.10.Final.jar;C:\Users\No\.m2\repository\org\wildfly\core\wildfly-network\2.0.10.Final\wildfly-network-2.0.10.Final.jar;C:\Users\No\.m2\repository\org\wildfly\core\wildfly-self-contained\2.0.10.Final\wildfly-self-contained-2.0.10.Final.jar;C:\Users\No\.m2\repository\org\wildfly\core\wildfly-version\2.0.10.Final\wildfly-version-2.0.10.Final.jar;C:\Users\No\.m2\repository\org\jboss\jandex\2.0.1.Final\jandex-2.0.1.Final.jar;C:\Users\No\.m2\repository\org\jboss\invocation\jboss-invocation\1.4.1.Final\jboss-invocation-1.4.1.Final.jar;C:\Users\No\.m2\repository\org\jboss\logmanager\jboss-logmanager\2.0.3.Final\jboss-logmanager-2.0.3.Final.jar;C:\Users\No\.m2\repository\org\jboss\modules\jboss-modules\1.5.1.Final\jboss-modules-1.5.1.Final.jar;C:\Users\No\.m2\repository\org\jboss\remoting\jboss-remoting\4.0.18.Final\jboss-remoting-4.0.18.Final.jar;C:\Users\No\.m2\repository\org\jboss\sasl\jboss-sasl\1.0.5.Final\jboss-sasl-1.0.5.Final.jar;C:\Users\No\.m2\repository\org\jboss\stdio\jboss-stdio\1.0.2.GA\jboss-stdio-1.0.2.GA.jar;C:\Users\No\.m2\repository\org\jboss\jboss-vfs\3.2.11.Final\jboss-vfs-3.2.11.Final.jar;C:\Users\No\.m2\repository\io\undertow\undertow-core\1.3.15.Final\undertow-core-1.3.15.Final.jar;C:\Users\No\.m2\repository\org\wildfly\common\wildfly-common\1.1.0.Final\wildfly-common-1.1.0.Final.jar;C:\Users\No\.m2\repository\org\wildfly\core\wildfly-controller-client\2.0.10.Final\wildfly-controller-client-2.0.10.Final.jar;C:\Users\No\.m2\repository\org\wildfly\core\wildfly-protocol\2.0.10.Final\wildfly-protocol-2.0.10.Final.jar;C:\Users\No\.m2\repository\org\jboss\xnio\xnio-api\3.3.4.Final\xnio-api-3.3.4.Final.jar;C:\Users\No\.m2\repository\org\jboss\xnio\xnio-nio\3.3.4.Final\xnio-nio-3.3.4.Final.jar;C:\Users\No\.m2\repository\org\jboss\jboss-dmr\1.3.0.Final\jboss-dmr-1.3.0.Final.jar;C:\Users\No\.m2\repository\org\jboss\logging\jboss-logging\3.3.0.Final\jboss-logging-3.3.0.Final.jar;C:\Users\No\.m2\repository\org\jboss\threads\jboss-threads\2.2.1.Final\jboss-threads-2.2.1.Final.jar;C:\Users\No\.m2\repository\org\jboss\shrinkwrap\descriptors\shrinkwrap-descriptors-impl-base\2.0.0\shrinkwrap-descriptors-impl-base-2.0.0.jar;C:\Users\No\.m2\repository\org\wildfly\arquillian\wildfly-arquillian-protocol-jmx\2.0.2.Final\wildfly-arquillian-protocol-jmx-2.0.2.Final.jar;C:\Users\No\.m2\repository\org\wildfly\security\wildfly-elytron\1.0.2.Final\wildfly-elytron-1.0.2.Final.jar;C:\Users\No\.m2\repository\org\jboss\arquillian\core\arquillian-core-spi\1.1.13.Final\arquillian-core-spi-1.1.13.Final.jar;C:\Users\No\.m2\repository\org\jboss\arquillian\protocol\arquillian-protocol-jmx\1.1.13.Final\arquillian-protocol-jmx-1.1.13.Final.jar;C:\Users\No\.m2\repository\org\wildfly\core\wildfly-jmx\2.0.10.Final\wildfly-jmx-2.0.10.Final.jar;C:\Users\No\.m2\repository\org\jboss\msc\jboss-msc\1.2.6.Final\jboss-msc-1.2.6.Final.jar;C:\Users\No\.m2\repository\org\jboss\remotingjmx\remoting-jmx\2.0.1.Final\remoting-jmx-2.0.1.Final.jar;C:\Users\No\.m2\repository\org\wildfly\core\wildfly-remoting\2.0.10.Final\wildfly-remoting-2.0.10.Final.jar;C:\Users\No\.m2\repository\org\wildfly\core\wildfly-domain-management\2.0.10.Final\wildfly-domain-management-2.0.10.Final.jar;C:\Users\No\.m2\repository\org\picketbox\picketbox\4.9.4.Final\picketbox-4.9.4.Final.jar;C:\Users\No\.m2\repository\org\wildfly\core\wildfly-core-security\2.0.10.Final\wildfly-core-security-2.0.10.Final.jar;C:\Users\No\.m2\repository\org\wildfly\core\wildfly-core-security-api\2.0.10.Final\wildfly-core-security-api-2.0.10.Final.jar;C:\Users\No\.m2\repository\org\wildfly\core\wildfly-io\2.0.10.Final\wildfly-io-2.0.10.Final.jar;C:\Users\No\.m2\repository\org\jboss\marshalling\jboss-marshalling-river\1.4.10.Final\jboss-marshalling-river-1.4.10.Final.jar;C:\Users\No\.m2\repository\org\jboss\marshalling\jboss-marshalling\1.4.10.Final\jboss-marshalling-1.4.10.Final.jar;C:\Users\No\.m2\repository\org\jboss\arquillian\core\arquillian-core-api\1.1.13.Final\arquillian-core-api-1.1.13.Final.jar;"/>
    <property name="java.vm.vendor" value="Oracle Corporation"/>
    <property name="sun.arch.data.model" value="64"/>
    <property name="user.variant" value=""/>
    <property name="java.vendor.url" value="http://java.oracle.com/"/>
    <property name="user.timezone" value="Africa/Luanda"/>
    <property name="java.vm.specification.version" value="1.8"/>
    <property name="os.name" value="Windows 8.1"/>
    <property name="user.country" value="US"/>
    <property name="sun.java.launcher" value="SUN_STANDARD"/>
    <property name="sun.boot.library.path" value="C:\Program Files\Java\jdk1.8.0_05\jre\bin"/>
    <property name="sun.java.command" value="C:\Users\No\AppData\Local\Temp\surefire8700609825503941746\surefirebooter7522379020604038908.jar C:\Users\No\AppData\Local\Temp\surefire8700609825503941746 2018-02-19T16-22-10_346-jvmRun1 surefire6793892755409375411tmp surefire_02432158218030717803tmp"/>
    <property name="surefire.test.class.path" value="C:\Users\No\Desktop\Legion\Javastore\New folder\bookstore-back\target\test-classes;C:\Users\No\Desktop\Legion\Javastore\New folder\bookstore-back\target\classes;C:\Users\No\.m2\repository\javax\javaee-web-api\7.0\javaee-web-api-7.0.jar;C:\Users\No\.m2\repository\junit\junit\4.12\junit-4.12.jar;C:\Users\No\.m2\repository\org\hamcrest\hamcrest-core\1.3\hamcrest-core-1.3.jar;C:\Users\No\.m2\repository\org\jboss\shrinkwrap\shrinkwrap-spi\1.2.6\shrinkwrap-spi-1.2.6.jar;C:\Users\No\.m2\repository\org\jboss\shrinkwrap\resolver\shrinkwrap-resolver-api\3.0.0-alpha-4\shrinkwrap-resolver-api-3.0.0-alpha-4.jar;C:\Users\No\.m2\repository\org\jboss\shrinkwrap\resolver\shrinkwrap-resolver-spi\3.0.0-alpha-4\shrinkwrap-resolver-spi-3.0.0-alpha-4.jar;C:\Users\No\.m2\repository\org\jboss\shrinkwrap\resolver\shrinkwrap-resolver-api-maven\3.0.0-alpha-4\shrinkwrap-resolver-api-maven-3.0.0-alpha-4.jar;C:\Users\No\.m2\repository\org\apache\maven\maven-model\3.3.9\maven-model-3.3.9.jar;C:\Users\No\.m2\repository\org\apache\commons\commons-lang3\3.4\commons-lang3-3.4.jar;C:\Users\No\.m2\repository\org\jboss\shrinkwrap\resolver\shrinkwrap-resolver-spi-maven\3.0.0-alpha-4\shrinkwrap-resolver-spi-maven-3.0.0-alpha-4.jar;C:\Users\No\.m2\repository\org\jboss\shrinkwrap\resolver\shrinkwrap-resolver-api-maven-archive\3.0.0-alpha-4\shrinkwrap-resolver-api-maven-archive-3.0.0-alpha-4.jar;C:\Users\No\.m2\repository\org\jboss\shrinkwrap\resolver\shrinkwrap-resolver-impl-maven\3.0.0-alpha-4\shrinkwrap-resolver-impl-maven-3.0.0-alpha-4.jar;C:\Users\No\.m2\repository\org\eclipse\aether\aether-api\1.0.2.v20150114\aether-api-1.0.2.v20150114.jar;C:\Users\No\.m2\repository\org\eclipse\aether\aether-impl\1.0.2.v20150114\aether-impl-1.0.2.v20150114.jar;C:\Users\No\.m2\repository\org\eclipse\aether\aether-spi\1.0.2.v20150114\aether-spi-1.0.2.v20150114.jar;C:\Users\No\.m2\repository\org\eclipse\aether\aether-util\1.0.2.v20150114\aether-util-1.0.2.v20150114.jar;C:\Users\No\.m2\repository\org\eclipse\aether\aether-connector-basic\1.0.2.v20150114\aether-connector-basic-1.0.2.v20150114.jar;C:\Users\No\.m2\repository\org\eclipse\aether\aether-transport-wagon\1.0.2.v20150114\aether-transport-wagon-1.0.2.v20150114.jar;C:\Users\No\.m2\repository\org\apache\maven\maven-aether-provider\3.3.9\maven-aether-provider-3.3.9.jar;C:\Users\No\.m2\repository\org\codehaus\plexus\plexus-component-annotations\1.6\plexus-component-annotations-1.6.jar;C:\Users\No\.m2\repository\org\apache\maven\maven-model-builder\3.3.9\maven-model-builder-3.3.9.jar;C:\Users\No\.m2\repository\org\apache\maven\maven-artifact\3.3.9\maven-artifact-3.3.9.jar;C:\Users\No\.m2\repository\org\apache\maven\maven-builder-support\3.3.9\maven-builder-support-3.3.9.jar;C:\Users\No\.m2\repository\org\apache\maven\maven-repository-metadata\3.3.9\maven-repository-metadata-3.3.9.jar;C:\Users\No\.m2\repository\org\apache\maven\maven-settings\3.3.9\maven-settings-3.3.9.jar;C:\Users\No\.m2\repository\org\apache\maven\maven-settings-builder\3.3.9\maven-settings-builder-3.3.9.jar;C:\Users\No\.m2\repository\com\google\guava\guava\18.0\guava-18.0.jar;C:\Users\No\.m2\repository\org\codehaus\plexus\plexus-interpolation\1.21\plexus-interpolation-1.21.jar;C:\Users\No\.m2\repository\org\codehaus\plexus\plexus-utils\3.0.22\plexus-utils-3.0.22.jar;C:\Users\No\.m2\repository\org\sonatype\plexus\plexus-sec-dispatcher\1.3\plexus-sec-dispatcher-1.3.jar;C:\Users\No\.m2\repository\org\sonatype\plexus\plexus-cipher\1.7\plexus-cipher-1.7.jar;C:\Users\No\.m2\repository\org\apache\maven\wagon\wagon-provider-api\2.10\wagon-provider-api-2.10.jar;C:\Users\No\.m2\repository\org\apache\maven\wagon\wagon-file\2.10\wagon-file-2.10.jar;C:\Users\No\.m2\repository\commons-lang\commons-lang\2.6\commons-lang-2.6.jar;C:\Users\No\.m2\repository\org\apache\maven\wagon\wagon-http-lightweight\2.10\wagon-http-lightweight-2.10.jar;C:\Users\No\.m2\repository\org\apache\maven\wagon\wagon-http-shared\2.10\wagon-http-shared-2.10.jar;C:\Users\No\.m2\repository\org\jsoup\jsoup\1.7.2\jsoup-1.7.2.jar;C:\Users\No\.m2\repository\commons-io\commons-io\2.2\commons-io-2.2.jar;C:\Users\No\.m2\repository\org\jboss\shrinkwrap\resolver\shrinkwrap-resolver-impl-maven-archive\3.0.0-alpha-4\shrinkwrap-resolver-impl-maven-archive-3.0.0-alpha-4.jar;C:\Users\No\.m2\repository\org\jboss\shrinkwrap\resolver\shrinkwrap-resolver-spi-maven-archive\3.0.0-alpha-4\shrinkwrap-resolver-spi-maven-archive-3.0.0-alpha-4.jar;C:\Users\No\.m2\repository\org\eclipse\sisu\org.eclipse.sisu.plexus\0.3.2\org.eclipse.sisu.plexus-0.3.2.jar;C:\Users\No\.m2\repository\javax\enterprise\cdi-api\1.0\cdi-api-1.0.jar;C:\Users\No\.m2\repository\javax\annotation\jsr250-api\1.0\jsr250-api-1.0.jar;C:\Users\No\.m2\repository\javax\inject\javax.inject\1\javax.inject-1.jar;C:\Users\No\.m2\repository\org\eclipse\sisu\org.eclipse.sisu.inject\0.3.2\org.eclipse.sisu.inject-0.3.2.jar;C:\Users\No\.m2\repository\org\codehaus\plexus\plexus-compiler-javac\2.7\plexus-compiler-javac-2.7.jar;C:\Users\No\.m2\repository\org\codehaus\plexus\plexus-compiler-api\2.7\plexus-compiler-api-2.7.jar;C:\Users\No\.m2\repository\org\jboss\shrinkwrap\resolver\shrinkwrap-resolver-api-maven-embedded\3.0.0-alpha-4\shrinkwrap-resolver-api-maven-embedded-3.0.0-alpha-4.jar;C:\Users\No\.m2\repository\org\apache\maven\shared\maven-invoker\2.2\maven-invoker-2.2.jar;C:\Users\No\.m2\repository\org\jboss\shrinkwrap\resolver\shrinkwrap-resolver-impl-maven-embedded\3.0.0-alpha-4\shrinkwrap-resolver-impl-maven-embedded-3.0.0-alpha-4.jar;C:\Users\No\.m2\repository\org\arquillian\spacelift\arquillian-spacelift\1.0.0.Alpha8\arquillian-spacelift-1.0.0.Alpha8.jar;C:\Users\No\.m2\repository\org\arquillian\spacelift\arquillian-spacelift-api\1.0.0.Alpha8\arquillian-spacelift-api-1.0.0.Alpha8.jar;C:\Users\No\.m2\repository\org\apache\commons\commons-compress\1.8.1\commons-compress-1.8.1.jar;C:\Users\No\.m2\repository\commons-codec\commons-codec\1.10\commons-codec-1.10.jar;C:\Users\No\.m2\repository\org\jboss\arquillian\junit\arquillian-junit-container\1.1.13.Final\arquillian-junit-container-1.1.13.Final.jar;C:\Users\No\.m2\repository\org\jboss\arquillian\junit\arquillian-junit-core\1.1.13.Final\arquillian-junit-core-1.1.13.Final.jar;C:\Users\No\.m2\repository\org\jboss\arquillian\test\arquillian-test-api\1.1.13.Final\arquillian-test-api-1.1.13.Final.jar;C:\Users\No\.m2\repository\org\jboss\arquillian\test\arquillian-test-spi\1.1.13.Final\arquillian-test-spi-1.1.13.Final.jar;C:\Users\No\.m2\repository\org\jboss\arquillian\container\arquillian-container-test-api\1.1.13.Final\arquillian-container-test-api-1.1.13.Final.jar;C:\Users\No\.m2\repository\org\jboss\arquillian\container\arquillian-container-test-spi\1.1.13.Final\arquillian-container-test-spi-1.1.13.Final.jar;C:\Users\No\.m2\repository\org\jboss\arquillian\container\arquillian-container-spi\1.1.13.Final\arquillian-container-spi-1.1.13.Final.jar;C:\Users\No\.m2\repository\org\jboss\shrinkwrap\descriptors\shrinkwrap-descriptors-api-base\2.0.0\shrinkwrap-descriptors-api-base-2.0.0.jar;C:\Users\No\.m2\repository\org\jboss\arquillian\core\arquillian-core-impl-base\1.1.13.Final\arquillian-core-impl-base-1.1.13.Final.jar;C:\Users\No\.m2\repository\org\jboss\arquillian\test\arquillian-test-impl-base\1.1.13.Final\arquillian-test-impl-base-1.1.13.Final.jar;C:\Users\No\.m2\repository\org\jboss\arquillian\container\arquillian-container-impl-base\1.1.13.Final\arquillian-container-impl-base-1.1.13.Final.jar;C:\Users\No\.m2\repository\org\jboss\arquillian\config\arquillian-config-api\1.1.13.Final\arquillian-config-api-1.1.13.Final.jar;C:\Users\No\.m2\repository\org\jboss\arquillian\config\arquillian-config-impl-base\1.1.13.Final\arquillian-config-impl-base-1.1.13.Final.jar;C:\Users\No\.m2\repository\org\jboss\shrinkwrap\descriptors\shrinkwrap-descriptors-spi\2.0.0\shrinkwrap-descriptors-spi-2.0.0.jar;C:\Users\No\.m2\repository\org\jboss\arquillian\container\arquillian-container-test-impl-base\1.1.13.Final\arquillian-container-test-impl-base-1.1.13.Final.jar;C:\Users\No\.m2\repository\org\jboss\shrinkwrap\shrinkwrap-impl-base\1.2.6\shrinkwrap-impl-base-1.2.6.jar;C:\Users\No\.m2\repository\org\jboss\shrinkwrap\shrinkwrap-api\1.2.6\shrinkwrap-api-1.2.6.jar;C:\Users\No\.m2\repository\org\wildfly\arquillian\wildfly-arquillian-container-remote\2.0.2.Final\wildfly-arquillian-container-remote-2.0.2.Final.jar;C:\Users\No\.m2\repository\org\wildfly\arquillian\wildfly-arquillian-common\2.0.2.Final\wildfly-arquillian-common-2.0.2.Final.jar;C:\Users\No\.m2\repository\org\jboss\arquillian\testenricher\arquillian-testenricher-cdi\1.1.13.Final\arquillian-testenricher-cdi-1.1.13.Final.jar;C:\Users\No\.m2\repository\org\jboss\arquillian\testenricher\arquillian-testenricher-ejb\1.1.13.Final\arquillian-testenricher-ejb-1.1.13.Final.jar;C:\Users\No\.m2\repository\org\jboss\arquillian\testenricher\arquillian-testenricher-initialcontext\1.1.13.Final\arquillian-testenricher-initialcontext-1.1.13.Final.jar;C:\Users\No\.m2\repository\org\jboss\arquillian\testenricher\arquillian-testenricher-resource\1.1.13.Final\arquillian-testenricher-resource-1.1.13.Final.jar;C:\Users\No\.m2\repository\org\jboss\arquillian\protocol\arquillian-protocol-servlet\1.1.13.Final\arquillian-protocol-servlet-1.1.13.Final.jar;C:\Users\No\.m2\repository\org\wildfly\arquillian\wildfly-arquillian-testenricher-msc\2.0.2.Final\wildfly-arquillian-testenricher-msc-2.0.2.Final.jar;C:\Users\No\.m2\repository\org\wildfly\core\wildfly-server\2.0.10.Final\wildfly-server-2.0.10.Final.jar;C:\Users\No\.m2\repository\org\wildfly\core\wildfly-controller\2.0.10.Final\wildfly-controller-2.0.10.Final.jar;C:\Users\No\.m2\repository\org\jboss\staxmapper\1.2.0.Final\staxmapper-1.2.0.Final.jar;C:\Users\No\.m2\repository\org\wildfly\core\wildfly-domain-http-interface\2.0.10.Final\wildfly-domain-http-interface-2.0.10.Final.jar;C:\Users\No\.m2\repository\org\wildfly\core\wildfly-deployment-repository\2.0.10.Final\wildfly-deployment-repository-2.0.10.Final.jar;C:\Users\No\.m2\repository\org\wildfly\core\wildfly-platform-mbean\2.0.10.Final\wildfly-platform-mbean-2.0.10.Final.jar;C:\Users\No\.m2\repository\org\wildfly\core\wildfly-process-controller\2.0.10.Final\wildfly-process-controller-2.0.10.Final.jar;C:\Users\No\.m2\repository\org\wildfly\core\wildfly-network\2.0.10.Final\wildfly-network-2.0.10.Final.jar;C:\Users\No\.m2\repository\org\wildfly\core\wildfly-self-contained\2.0.10.Final\wildfly-self-contained-2.0.10.Final.jar;C:\Users\No\.m2\repository\org\wildfly\core\wildfly-version\2.0.10.Final\wildfly-version-2.0.10.Final.jar;C:\Users\No\.m2\repository\org\jboss\jandex\2.0.1.Final\jandex-2.0.1.Final.jar;C:\Users\No\.m2\repository\org\jboss\invocation\jboss-invocation\1.4.1.Final\jboss-invocation-1.4.1.Final.jar;C:\Users\No\.m2\repository\org\jboss\logmanager\jboss-logmanager\2.0.3.Final\jboss-logmanager-2.0.3.Final.jar;C:\Users\No\.m2\repository\org\jboss\modules\jboss-modules\1.5.1.Final\jboss-modules-1.5.1.Final.jar;C:\Users\No\.m2\repository\org\jboss\remoting\jboss-remoting\4.0.18.Final\jboss-remoting-4.0.18.Final.jar;C:\Users\No\.m2\repository\org\jboss\sasl\jboss-sasl\1.0.5.Final\jboss-sasl-1.0.5.Final.jar;C:\Users\No\.m2\repository\org\jboss\stdio\jboss-stdio\1.0.2.GA\jboss-stdio-1.0.2.GA.jar;C:\Users\No\.m2\repository\org\jboss\jboss-vfs\3.2.11.Final\jboss-vfs-3.2.11.Final.jar;C:\Users\No\.m2\repository\io\undertow\undertow-core\1.3.15.Final\undertow-core-1.3.15.Final.jar;C:\Users\No\.m2\repository\org\wildfly\common\wildfly-common\1.1.0.Final\wildfly-common-1.1.0.Final.jar;C:\Users\No\.m2\repository\org\wildfly\core\wildfly-controller-client\2.0.10.Final\wildfly-controller-client-2.0.10.Final.jar;C:\Users\No\.m2\repository\org\wildfly\core\wildfly-protocol\2.0.10.Final\wildfly-protocol-2.0.10.Final.jar;C:\Users\No\.m2\repository\org\jboss\xnio\xnio-api\3.3.4.Final\xnio-api-3.3.4.Final.jar;C:\Users\No\.m2\repository\org\jboss\xnio\xnio-nio\3.3.4.Final\xnio-nio-3.3.4.Final.jar;C:\Users\No\.m2\repository\org\jboss\jboss-dmr\1.3.0.Final\jboss-dmr-1.3.0.Final.jar;C:\Users\No\.m2\repository\org\jboss\logging\jboss-logging\3.3.0.Final\jboss-logging-3.3.0.Final.jar;C:\Users\No\.m2\repository\org\jboss\threads\jboss-threads\2.2.1.Final\jboss-threads-2.2.1.Final.jar;C:\Users\No\.m2\repository\org\jboss\shrinkwrap\descriptors\shrinkwrap-descriptors-impl-base\2.0.0\shrinkwrap-descriptors-impl-base-2.0.0.jar;C:\Users\No\.m2\repository\org\wildfly\arquillian\wildfly-arquillian-protocol-jmx\2.0.2.Final\wildfly-arquillian-protocol-jmx-2.0.2.Final.jar;C:\Users\No\.m2\repository\org\wildfly\security\wildfly-elytron\1.0.2.Final\wildfly-elytron-1.0.2.Final.jar;C:\Users\No\.m2\repository\org\jboss\arquillian\core\arquillian-core-spi\1.1.13.Final\arquillian-core-spi-1.1.13.Final.jar;C:\Users\No\.m2\repository\org\jboss\arquillian\protocol\arquillian-protocol-jmx\1.1.13.Final\arquillian-protocol-jmx-1.1.13.Final.jar;C:\Users\No\.m2\repository\org\wildfly\core\wildfly-jmx\2.0.10.Final\wildfly-jmx-2.0.10.Final.jar;C:\Users\No\.m2\repository\org\jboss\msc\jboss-msc\1.2.6.Final\jboss-msc-1.2.6.Final.jar;C:\Users\No\.m2\repository\org\jboss\remotingjmx\remoting-jmx\2.0.1.Final\remoting-jmx-2.0.1.Final.jar;C:\Users\No\.m2\repository\org\wildfly\core\wildfly-remoting\2.0.10.Final\wildfly-remoting-2.0.10.Final.jar;C:\Users\No\.m2\repository\org\wildfly\core\wildfly-domain-management\2.0.10.Final\wildfly-domain-management-2.0.10.Final.jar;C:\Users\No\.m2\repository\org\picketbox\picketbox\4.9.4.Final\picketbox-4.9.4.Final.jar;C:\Users\No\.m2\repository\org\wildfly\core\wildfly-core-security\2.0.10.Final\wildfly-core-security-2.0.10.Final.jar;C:\Users\No\.m2\repository\org\wildfly\core\wildfly-core-security-api\2.0.10.Final\wildfly-core-security-api-2.0.10.Final.jar;C:\Users\No\.m2\repository\org\wildfly\core\wildfly-io\2.0.10.Final\wildfly-io-2.0.10.Final.jar;C:\Users\No\.m2\repository\org\jboss\marshalling\jboss-marshalling-river\1.4.10.Final\jboss-marshalling-river-1.4.10.Final.jar;C:\Users\No\.m2\repository\org\jboss\marshalling\jboss-marshalling\1.4.10.Final\jboss-marshalling-1.4.10.Final.jar;C:\Users\No\.m2\repository\org\jboss\arquillian\core\arquillian-core-api\1.1.13.Final\arquillian-core-api-1.1.13.Final.jar;"/>
    <property name="sun.cpu.endian" value="little"/>
    <property name="user.home" value="C:\Users\No"/>
    <property name="user.language" value="en"/>
    <property name="java.specification.vendor" value="Oracle Corporation"/>
    <property name="java.home" value="C:\Program Files\Java\jdk1.8.0_05\jre"/>
    <property name="basedir" value="C:\Users\No\Desktop\Legion\Javastore\New folder\bookstore-back"/>
    <property name="file.separator" value="\"/>
    <property name="line.separator" value="&#10;"/>
    <property name="java.vm.specification.vendor" value="Oracle Corporation"/>
    <property name="java.specification.name" value="Java Platform API Specification"/>
    <property name="java.awt.graphicsenv" value="sun.awt.Win32GraphicsEnvironment"/>
    <property name="surefire.real.class.path" value="C:\Users\No\AppData\Local\Temp\surefire8700609825503941746\surefirebooter7522379020604038908.jar"/>
    <property name="sun.boot.class.path" value="C:\Program Files\Java\jdk1.8.0_05\jre\lib\resources.jar;C:\Program Files\Java\jdk1.8.0_05\jre\lib\rt.jar;C:\Program Files\Java\jdk1.8.0_05\jre\lib\sunrsasign.jar;C:\Program Files\Java\jdk1.8.0_05\jre\lib\jsse.jar;C:\Program Files\Java\jdk1.8.0_05\jre\lib\jce.jar;C:\Program Files\Java\jdk1.8.0_05\jre\lib\charsets.jar;C:\Program Files\Java\jdk1.8.0_05\jre\lib\jfr.jar;C:\Program Files\Java\jdk1.8.0_05\jre\classes"/>
    <property name="user.script" value=""/>
    <property name="sun.management.compiler" value="HotSpot 64-Bit Tiered Compilers"/>
    <property name="java.runtime.version" value="1.8.0_05-b13"/>
    <property name="user.name" value="No"/>
    <property name="path.separator" value=";"/>
    <property name="os.version" value="6.3"/>
    <property name="java.endorsed.dirs" value="C:\Program Files\Java\jdk1.8.0_05\jre\lib\endorsed"/>
    <property name="java.runtime.name" value="Java(TM) SE Runtime Environment"/>
    <property name="file.encoding" value="Cp1252"/>
    <property name="java.vm.name" value="Java HotSpot(TM) 64-Bit Server VM"/>
    <property name="localRepository" value="C:\Users\No\.m2\repository"/>
    <property name="java.vendor.url.bug" value="http://bugreport.sun.com/bugreport/"/>
    <property name="java.io.tmpdir" value="C:\Users\No\AppData\Local\Temp\"/>
    <property name="java.version" value="1.8.0_05"/>
    <property name="user.dir" value="C:\Users\No\Desktop\Legion\Javastore\New folder\bookstore-back"/>
    <property name="os.arch" value="amd64"/>
    <property name="java.vm.specification.name" value="Java Virtual Machine Specification"/>
    <property name="java.awt.printerjob" value="sun.awt.windows.WPrinterJob"/>
    <property name="sun.os.patch.level" value=""/>
    <property name="java.library.path" value="C:\Program Files\Java\jdk1.8.0_05\jre\bin;C:\WINDOWS\Sun\Java\bin;C:\WINDOWS\system32;C:\WINDOWS;C:\oraclexe\app\oracle\product\11.2.0\server\bin;C:\WINDOWS\system32;C:\WINDOWS;C:\WINDOWS\System32\Wbem;C:\WINDOWS\System32\WindowsPowerShell\v1.0\;C:\Program Files\Java\jdk1.8.0_05\bin;C:\Program Files\nodejs\;C:\Program Files\Microsoft SQL Server\130\Tools\Binn\;C:\Program Files\dotnet\;C:\PROGRA~2\Groovy\GROOVY~1.0\bin;C:\Users\No\Documents\apache-maven-3.5.2\bin;C:\Program Files\Git\cmd;C:\xampp\php;C:\ProgramData\ComposerSetup\bin;C:\Users\No\AppData\Roaming\npm;C:\Program Files\Microsoft VS Code\bin;C:\Program Files\Heroku\bin;C:\Users\No\AppData\Roaming\Composer\vendor\bin;C:\Program Files (x86)\Android\android-sdk;%USERPROFILE%\AppData\Local\Microsoft\WindowsApps;;."/>
    <property name="java.vm.info" value="mixed mode"/>
    <property name="java.vendor" value="Oracle Corporation"/>
    <property name="java.vm.version" value="25.5-b02"/>
    <property name="java.ext.dirs" value="C:\Program Files\Java\jdk1.8.0_05\jre\lib\ext;C:\WINDOWS\Sun\Java\lib\ext"/>
    <property name="sun.io.unicode.encoding" value="UnicodeLittle"/>
    <property name="java.class.version" value="52.0"/>
  </properties>
  <testcase name="create" classname="com.pluralsight.bookstore.repository.BookRepositoryTest" time="0.517"/>
  <testcase name="createInvalidBook" classname="com.pluralsight.bookstore.repository.BookRepositoryTest" time="0.535"/>
  <testcase name="findWithInvalidId" classname="com.pluralsight.bookstore.repository.BookRepositoryTest" time="0.212"/>
</testsuite>